<?xml version="1.0" encoding="UTF-8"?>
<!-- Generated by org.testng.reporters.JUnitReportReporter -->
<testsuite hostname="LAPTOP-59L1NKA8" failures="0" tests="1" name="testpackage.test1" time="4.306" errors="0" timestamp="2024-12-18T21:03:28 IST" skipped="0">
  <testcase classname="testpackage.test1" name="f" time="4.306"/>
</testsuite> <!-- testpackage.test1 -->
