<?xml version="1.0" encoding="UTF-8"?>
<!-- Generated by org.testng.reporters.JUnitReportReporter -->
<testsuite hostname="LAPTOP-59L1NKA8" failures="0" tests="1" name="testpackage.test1" time="3.269" errors="0" timestamp="2024-12-26T21:21:27 IST" skipped="0">
  <testcase classname="testpackage.test1" name="f" time="3.269"/>
</testsuite> <!-- testpackage.test1 -->
