<?xml version="1.0" encoding="UTF-8"?>
<!-- Generated by org.testng.reporters.JUnitReportReporter -->
<testsuite hostname="LAPTOP-59L1NKA8" failures="0" tests="1" name="testpackage.test1" time="7.761" errors="0" timestamp="2025-01-06T19:15:03 IST" skipped="0">
  <testcase classname="testpackage.test1" name="f" time="7.761"/>
</testsuite> <!-- testpackage.test1 -->
