<?xml version="1.0" encoding="UTF-8"?>
<!-- Generated by org.testng.reporters.JUnitReportReporter -->
<testsuite hostname="LAPTOP-59L1NKA8" failures="0" tests="1" name="testpackage.test1" time="7.462" errors="0" timestamp="2024-12-24T21:34:19 IST" skipped="0">
  <testcase classname="testpackage.test1" name="f" time="7.462"/>
</testsuite> <!-- testpackage.test1 -->
